d:\programs\calibrationapp\calibrationapp\x64\debug\uic\ui_calibration.h
d:\programs\calibrationapp\calibrationapp\x64\debug\rcc\qrc_calibration.cpp
d:\programs\calibrationapp\calibrationapp\x64\debug\moc\moc_calibration.cpp
d:\programs\calibrationapp\calibrationapp\x64\debug\moc\moc_calibrationwindow.cpp
d:\programs\calibrationapp\calibrationapp\x64\debug\uic\ui_mainnavigationwindow.h
d:\programs\calibrationapp\calibrationapp\x64\debug\moc\moc_mainnavigationwindow.cpp
d:\programs\calibrationapp\calibrationapp\x64\debug\uic\ui_singlecameracalibrationdialog.h
d:\programs\calibrationapp\calibrationapp\x64\debug\moc\moc_singlecameracalibrationdialog.cpp
d:\programs\calibrationapp\x64\debug\opencv_videoiod.dll
d:\programs\calibrationapp\x64\debug\opencv_imgcodecsd.dll
d:\programs\calibrationapp\x64\debug\opencv_imgprocd.dll
d:\programs\calibrationapp\x64\debug\opencv_cored.dll
d:\programs\calibrationapp\x64\debug\zlibd1.dll
d:\programs\calibrationapp\x64\debug\jpeg62.dll
d:\programs\calibrationapp\x64\debug\webpdecoder.dll
d:\programs\calibrationapp\x64\debug\webp.dll
d:\programs\calibrationapp\x64\debug\libpng16d.dll
d:\programs\calibrationapp\x64\debug\tiffd.dll
d:\programs\calibrationapp\x64\debug\liblzma.dll
d:\programs\calibrationapp\calibrationapp\x64\debug\qrc_calibration.obj
d:\programs\calibrationapp\calibrationapp\x64\debug\moc_calibrationwindow.obj
d:\programs\calibrationapp\calibrationapp\x64\debug\vc143.pdb
d:\programs\calibrationapp\calibrationapp\x64\debug\calibrationwindow.obj
d:\programs\calibrationapp\calibrationapp\x64\debug\main.obj
d:\programs\calibrationapp\calibrationapp\x64\debug\webcamera.obj
d:\programs\calibrationapp\calibrationapp\x64\debug\camerafactory.obj
d:\programs\calibrationapp\calibrationapp\x64\debug\camera.obj
d:\programs\calibrationapp\calibrationapp\x64\debug\singlecameracalibrationdialog.obj
d:\programs\calibrationapp\calibrationapp\x64\debug\webcamerafactory.obj
d:\programs\calibrationapp\calibrationapp\x64\debug\mainnavigationwindow.obj
d:\programs\calibrationapp\calibrationapp\x64\debug\moc_mainnavigationwindow.obj
d:\programs\calibrationapp\calibrationapp\x64\debug\moc_singlecameracalibrationdialog.obj
d:\programs\calibrationapp\x64\debug\calibrationapp.exe
d:\programs\calibrationapp\x64\debug\calibrationapp.ilk
d:\programs\calibrationapp\x64\debug\calibrationapp.pdb
d:\programs\calibrationapp\calibrationapp\x64\debug\calibrationapp.tlog\calibrationapp.write.1u.tlog
d:\programs\calibrationapp\calibrationapp\x64\debug\calibrationapp.tlog\cl.command.1.tlog
d:\programs\calibrationapp\calibrationapp\x64\debug\calibrationapp.tlog\cl.read.1.tlog
d:\programs\calibrationapp\calibrationapp\x64\debug\calibrationapp.tlog\cl.write.1.tlog
d:\programs\calibrationapp\calibrationapp\x64\debug\calibrationapp.tlog\link.command.1.tlog
d:\programs\calibrationapp\calibrationapp\x64\debug\calibrationapp.tlog\link.read.1.tlog
d:\programs\calibrationapp\calibrationapp\x64\debug\calibrationapp.tlog\link.write.1.tlog
d:\programs\calibrationapp\calibrationapp\x64\debug\calibrationapp.tlog\moc.read.1u.tlog
d:\programs\calibrationapp\calibrationapp\x64\debug\calibrationapp.tlog\moc.write.1u.tlog
d:\programs\calibrationapp\calibrationapp\x64\debug\calibrationapp.tlog\rcc.read.1u.tlog
d:\programs\calibrationapp\calibrationapp\x64\debug\calibrationapp.tlog\rcc.write.1u.tlog
d:\programs\calibrationapp\calibrationapp\x64\debug\calibrationapp.tlog\uic.read.1u.tlog
d:\programs\calibrationapp\calibrationapp\x64\debug\calibrationapp.tlog\uic.write.1u.tlog
